2017-04-30 08:02:26 Loading /home/all4freedo/domains/all4freedom.com/public_html/administrator/components/com_payage/api.php
2017-04-30 08:02:26 Payage API now loaded
2017-04-30 08:02:26 Loading /home/all4freedo/domains/all4freedom.com/public_html/administrator/components/com_comprofiler/plugin.foundation.php
2017-04-30 08:02:26 CB API loaded
2017-04-30 08:02:26 Loading /home/all4freedo/domains/all4freedom.com/public_html/administrator/components/com_crowdfunding/class-campaign-api.php
2017-04-30 08:02:26 Campaign API loaded
2017-04-30 08:02:26 Payer email = jeroen@atreya.nl
2017-04-30 08:02:26 Payment was made successfully
2017-04-30 08:02:26 Organisation = xx
2017-04-30 08:02:26 Payment completed - verification in progress, status: Success
2017-04-30 08:02:26 User: Jeroen - jeroen@atreya.nl
2017-04-30 08:02:26 An email was sent
2017-04-30 08:02:26 Status_code = 1
2017-04-30 08:02:54 Loading /home/all4freedo/domains/all4freedom.com/public_html/administrator/components/com_payage/api.php
2017-04-30 08:02:54 Payage API now loaded
2017-04-30 08:02:54 Loading /home/all4freedo/domains/all4freedom.com/public_html/administrator/components/com_comprofiler/plugin.foundation.php
2017-04-30 08:02:54 CB API loaded
2017-04-30 08:02:54 Loading /home/all4freedo/domains/all4freedom.com/public_html/administrator/components/com_crowdfunding/class-campaign-api.php
2017-04-30 08:02:54 Campaign API loaded
2017-04-30 08:02:54 Payer email = jeroen@atreya.nl
2017-04-30 08:02:54 Payment was made successfully
2017-04-30 08:02:54 Organisation = xx
2017-04-30 08:02:54 Payment completed - verification in progress, status: Success
2017-04-30 08:02:54 User: Jeroen - jeroen@atreya.nl
2017-04-30 08:02:55 An email was sent
2017-04-30 08:02:55 Status_code = 1
2017-04-30 13:25:20 Loading /home/all4freedo/domains/all4freedom.com/public_html/administrator/components/com_payage/api.php
2017-04-30 13:25:20 Payage API now loaded
2017-04-30 13:25:20 Loading /home/all4freedo/domains/all4freedom.com/public_html/administrator/components/com_comprofiler/plugin.foundation.php
2017-04-30 13:25:20 CB API loaded
2017-04-30 13:25:20 Loading /home/all4freedo/domains/all4freedom.com/public_html/administrator/components/com_crowdfunding/class-campaign-api.php
2017-04-30 13:25:20 Campaign API loaded
2017-04-30 13:25:20 Payer email = jeroen@atreya.nl
2017-04-30 13:25:20 Payment was made successfully
2017-04-30 13:25:20 Organisation = xx
2017-04-30 13:25:20 Payment completed - verification in progress, status: Success
2017-04-30 13:25:20 User: Jeroen - jeroen@atreya.nl
2017-04-30 13:25:21 An email was sent
2017-04-30 13:25:21 Status_code = 1
2017-05-01 21:26:30 Loading /home/all4freedo/domains/all4freedom.com/public_html/administrator/components/com_payage/api.php
2017-05-01 21:26:30 Payage API now loaded
2017-05-01 21:26:30 Loading /home/all4freedo/domains/all4freedom.com/public_html/administrator/components/com_comprofiler/plugin.foundation.php
2017-05-01 21:26:30 CB API loaded
2017-05-01 21:26:30 Loading /home/all4freedo/domains/all4freedom.com/public_html/administrator/components/com_crowdfunding/class-campaign-api.php
2017-05-01 21:26:30 Campaign API loaded
2017-05-01 21:26:30 Payer email = jeroen@atreya.nl
2017-05-01 21:26:30 Payment was made successfully
2017-05-01 21:26:30 Organisation = xx
2017-05-01 21:26:30 Payment completed - verification in progress, status: Success
2017-05-01 21:26:30 User: Jeroen - jeroen@atreya.nl
2017-05-01 21:26:30 An email was sent
2017-05-01 21:26:30 Status_code = 1
2017-05-01 21:28:02 Loading /home/all4freedo/domains/all4freedom.com/public_html/administrator/components/com_payage/api.php
2017-05-01 21:28:02 Payage API now loaded
2017-05-01 21:28:02 Loading /home/all4freedo/domains/all4freedom.com/public_html/administrator/components/com_comprofiler/plugin.foundation.php
2017-05-01 21:28:03 CB API loaded
2017-05-01 21:28:03 Loading /home/all4freedo/domains/all4freedom.com/public_html/administrator/components/com_crowdfunding/class-campaign-api.php
2017-05-01 21:28:03 Campaign API loaded
2017-05-01 21:28:03 Payer email = jeroen@atreya.nl
2017-05-01 21:28:03 Payment was made successfully
2017-05-01 21:28:03 Organisation = xx
2017-05-01 21:28:03 Payment completed - verification in progress, status: Success
2017-05-01 21:28:03 User: Jeroen - jeroen@atreya.nl
2017-05-01 21:28:03 An email was sent
2017-05-01 21:28:03 Status_code = 1
2017-05-03 08:18:35 Loading /home/all4freedo/domains/all4freedom.com/public_html/administrator/components/com_payage/api.php
2017-05-03 08:18:35 Payage API now loaded
2017-05-03 08:18:35 Loading /home/all4freedo/domains/all4freedom.com/public_html/administrator/components/com_comprofiler/plugin.foundation.php
2017-05-03 08:18:35 CB API loaded
2017-05-03 08:18:35 Loading /home/all4freedo/domains/all4freedom.com/public_html/administrator/components/com_crowdfunding/class-campaign-api.php
2017-05-03 08:18:35 Campaign API loaded
2017-05-03 08:18:35 Payer email = saunameesterjeroen@gmail.com
2017-05-03 08:18:35 Payment was made successfully
2017-05-03 08:18:35 Organisation = test organisation
2017-05-03 08:18:35 Payment completed - verification in progress, status: Success
2017-05-03 08:18:35 User: jeroen saunameester - saunameesterjeroen@gmail.com
2017-05-03 08:18:36 An email was sent
2017-05-03 08:18:36 Status_code = 1
2017-05-04 09:01:14 Loading /home/all4freedo/domains/all4freedom.com/public_html/administrator/components/com_payage/api.php
2017-05-04 09:01:14 Payage API now loaded
2017-05-04 09:01:14 Loading /home/all4freedo/domains/all4freedom.com/public_html/administrator/components/com_comprofiler/plugin.foundation.php
2017-05-04 09:01:14 CB API loaded
2017-05-04 09:01:14 Loading /home/all4freedo/domains/all4freedom.com/public_html/administrator/components/com_crowdfunding/class-campaign-api.php
2017-05-04 09:01:14 Campaign API loaded
2017-05-04 09:01:14 Payer email = saunameesterjeroen@gmail.com
2017-05-04 09:01:14 Payment was made successfully
2017-05-04 09:01:14 Organisation = test
2017-05-04 09:01:14 Payment completed - verification in progress, status: Success
2017-05-04 09:01:14 User: jeroen - saunameesterjeroen@gmail.com
2017-05-04 09:01:15 An email was sent
2017-05-04 09:01:15 Status_code = 1
2017-05-06 09:21:47 Loading /home/all4freedo/domains/all4freedom.com/public_html/administrator/components/com_payage/api.php
2017-05-06 09:21:47 Payage API now loaded
2017-05-06 09:21:47 Loading /home/all4freedo/domains/all4freedom.com/public_html/administrator/components/com_comprofiler/plugin.foundation.php
2017-05-06 09:21:47 CB API loaded
2017-05-06 09:21:47 Loading /home/all4freedo/domains/all4freedom.com/public_html/administrator/components/com_crowdfunding/class-campaign-api.php
2017-05-06 09:21:47 Campaign API loaded
2017-05-06 09:21:47 Payer email = saunameesterjeroen@gmail.com
2017-05-06 09:21:47 Payment was made successfully
2017-05-06 09:21:47 Organisation = test
2017-05-06 09:21:47 Payment completed - verification in progress, status: Success
2017-05-06 09:21:47 User: jeroen - saunameesterjeroen@gmail.com
2017-05-06 09:21:48 An email was sent
2017-05-06 09:21:48 Status_code = 1
2017-05-08 12:52:39 Loading /home/all4freedo/domains/all4freedom.com/public_html/administrator/components/com_payage/api.php
2017-05-08 12:52:39 Payage API now loaded
2017-05-08 12:52:39 Loading /home/all4freedo/domains/all4freedom.com/public_html/administrator/components/com_comprofiler/plugin.foundation.php
2017-05-08 12:52:39 CB API loaded
2017-05-08 12:52:39 Loading /home/all4freedo/domains/all4freedom.com/public_html/administrator/components/com_crowdfunding/class-campaign-api.php
2017-05-08 12:52:39 Campaign API loaded
2017-05-08 12:52:39 Payer email = jeroen@atreya.nl
2017-05-08 12:52:39 Payment was made successfully
2017-05-08 12:52:39 Organisation = test organisation
2017-05-08 12:52:39 Payment completed - verification in progress, status: Success
2017-05-08 12:52:39 User: Jeroen - jeroen@atreya.nl
2017-05-08 12:52:39 An email was sent
2017-05-08 12:52:39 Status_code = 1
2017-05-15 14:23:53 Loading /home/all4freedo/domains/all4freedom.com/public_html/administrator/components/com_payage/api.php
2017-05-15 14:23:53 Payage API now loaded
2017-05-15 14:23:53 Loading /home/all4freedo/domains/all4freedom.com/public_html/administrator/components/com_comprofiler/plugin.foundation.php
2017-05-15 14:23:53 CB API loaded
2017-05-15 14:23:53 Loading /home/all4freedo/domains/all4freedom.com/public_html/administrator/components/com_crowdfunding/class-campaign-api.php
2017-05-15 14:23:53 Campaign API loaded
2017-05-15 14:23:53 Payer email = webmaster@goaheadspace.com
2017-05-15 14:23:53 User clicked cancel at the payment gateway 
2017-05-15 14:23:53 Organisation = Goaheadspace Web Development Consultancy
2017-05-15 14:23:53 Payment completed - verification in progress, status: Cancelled
2017-05-15 14:23:53 User: Ray - webmaster@goaheadspace.com
2017-05-15 14:24:05 An email was sent
2017-05-15 14:24:05 Status_code = 4
